[63] 
[63] 
[63] --> FOAM FATAL ERROR: 
[63] Maximum number of iterations exceeded: 100 f: 0.32607259978240354936218636794365011155605316162109 p: 6376177.783090562559664249420166015625 T0: 374.61463001241219217263278551399707794189453125  Tg: 3435.6146300124119079555384814739227294921875 X: 2(0.0039247826806817287872974908680134831229224801063538 0.99607521731931825126338253539870493113994598388672)
[63] 
[63]     From function Foam::scalar Foam::species::ISATRhoMultithermo<ThermoMixture, Type>::Tsol(Foam::scalar, Foam::scalar, Foam::scalar, Foam::scalar (Foam::species::ISATRhoMultithermo<ThermoMixture, Type>::*)(Foam::scalar, Foam::scalar, typename Foam::species::ISATRhoMultithermo<ThermoMixture, Type>::solution&) const, Foam::scalar (Foam::species::ISATRhoMultithermo<ThermoMixture, Type>::*)(Foam::scalar, Foam::scalar) const, Foam::scalar (Foam::species::ISATRhoMultithermo<ThermoMixture, Type>::*)(Foam::scalar) const, Foam::autoPtr<typename Foam::species::ISATRhoMultithermo<ThermoMixture, Type>::solution>&) const [with ThermoMixture = Foam::VLE<Foam::chungTransportMixture<Foam::PengRobinsonMixture<Foam::multispecie<Foam::chungTransport<Foam::species::thermo<Foam::janafThermoAd<Foam::PengRobinson<Foam::specie> >, Foam::sensibleInternalEnergy> > > > > >; Type = Foam::sensibleInternalEnergy; Foam::scalar = double; typename Foam::species::ISATRhoMultithermo<ThermoMixture, Type>::solution = Foam::VLE<Foam::chungTransportMixture<Foam::PengRobinsonMixture<Foam::multispecie<Foam::chungTransport<Foam::species::thermo<Foam::janafThermoAd<Foam::PengRobinson<Foam::specie> >, Foam::sensibleInternalEnergy> > > > > >::solution]
[63]     in file ISATRhoMultithermoI.H at line 305.
[63] 
FOAM parallel run aborting
[63] 
[63] #0  Foam::error::printStack(Foam::Ostream&) at ??:?
[63] #1  Foam::error::abort() at ??:?
[63] #2  Foam::species::thermofunction_TrhoP_to_THvfc_G_rhoY<Foam::species::ISATRhoMultithermo<Foam::VLE<Foam::chungTransportMixture<Foam::PengRobinsonMixture<Foam::multispecie<Foam::chungTransport<Foam::species::thermo<Foam::janafThermoAd<Foam::PengRobinson<Foam::specie> >, Foam::sensibleInternalEnergy> > > > > >, Foam::sensibleInternalEnergy> >::value(Foam::List<double> const&, Foam::List<double>&, double, Foam::autoPtr<Foam::VLE<Foam::chungTransportMixture<Foam::PengRobinsonMixture<Foam::multispecie<Foam::chungTransport<Foam::species::thermo<Foam::janafThermoAd<Foam::PengRobinson<Foam::specie> >, Foam::sensibleInternalEnergy> > > > > >::solution>&) const at ??:?
[63] #3  void Foam::ISATmanager<Foam::species::thermofunction_TrhoP_to_THvfc_G_rhoY<Foam::species::ISATRhoMultithermo<Foam::VLE<Foam::chungTransportMixture<Foam::PengRobinsonMixture<Foam::multispecie<Foam::chungTransport<Foam::species::thermo<Foam::janafThermoAd<Foam::PengRobinson<Foam::specie> >, Foam::sensibleInternalEnergy> > > > > >, Foam::sensibleInternalEnergy> > >::call<double, Foam::autoPtr<Foam::VLE<Foam::chungTransportMixture<Foam::PengRobinsonMixture<Foam::multispecie<Foam::chungTransport<Foam::species::thermo<Foam::janafThermoAd<Foam::PengRobinson<Foam::specie> >, Foam::sensibleInternalEnergy> > > > > >::solution> >(Foam::List<double> const&, Foam::List<double>&, double, Foam::autoPtr<Foam::VLE<Foam::chungTransportMixture<Foam::PengRobinsonMixture<Foam::multispecie<Foam::chungTransport<Foam::species::thermo<Foam::janafThermoAd<Foam::PengRobinson<Foam::specie> >, Foam::sensibleInternalEnergy> > > > > >::solution>) at ??:?
[63] #4  Foam::ISATVLEheRhoThermo<Foam::rhoReactionThermo, Foam::SpecieMixture<Foam::nLreactingMixture<Foam::chungTransport<Foam::species::thermo<Foam::janafThermoAd<Foam::PengRobinson<Foam::specie> >, Foam::sensibleInternalEnergy> >, Foam::ISATVLERhoThermo> > >::calculate() at ??:?
[63] #5  Foam::ISATVLEheRhoThermo<Foam::rhoReactionThermo, Foam::SpecieMixture<Foam::nLreactingMixture<Foam::chungTransport<Foam::species::thermo<Foam::janafThermoAd<Foam::PengRobinson<Foam::specie> >, Foam::sensibleInternalEnergy> >, Foam::ISATVLERhoThermo> > >::correct() at ??:?
[63] #6  ? at ??:?
[63] #7  __libc_start_main in "/lib64/libc.so.6"
[63] #8  ? at ??:?
--------------------------------------------------------------------------
MPI_ABORT was invoked on rank 63 in communicator MPI COMMUNICATOR 3 SPLIT FROM 0
with errorcode 1.

NOTE: invoking MPI_ABORT causes Open MPI to kill all MPI processes.
You may or may not see output from other processes, depending on
exactly when Open MPI kills them.
--------------------------------------------------------------------------
